[2026-02-19 22:14:55] ERROR: SequelizeValidationError: notNull Violation: User.name cannot be null
    at InstanceValidator._validate (C:\Users\pc\Desktop\CRUD API\node_modules\sequelize\lib\instance-validator.js:50:13)
    at async InstanceValidator._validateAndRunHooks (C:\Users\pc\Desktop\CRUD API\node_modules\sequelize\lib\instance-validator.js:60:7)
    at async InstanceValidator.validate (C:\Users\pc\Desktop\CRUD API\node_modules\sequelize\lib\instance-validator.js:54:12)
    at async model.save (C:\Users\pc\Desktop\CRUD API\node_modules\sequelize\lib\model.js:2426:7)
    at async User.create (C:\Users\pc\Desktop\CRUD API\node_modules\sequelize\lib\model.js:1362:12)
    at async Object.registerUser (C:\Users\pc\Desktop\CRUD API\backend\src\services\authService.js:11:16)
    at async register (C:\Users\pc\Desktop\CRUD API\backend\src\controllers\authController.js:5:18)
[2026-02-19 22:17:06] ERROR: SyntaxError: Expected ',' or '}' after property value in JSON at position 21 (line 3 column 3)
    at JSON.parse (<anonymous>)
    at parse (C:\Users\pc\Desktop\CRUD API\backend\node_modules\body-parser\lib\types\json.js:72:19)
    at C:\Users\pc\Desktop\CRUD API\backend\node_modules\body-parser\lib\read.js:162:18
    at AsyncResource.runInAsyncScope (node:async_hooks:214:14)
    at invokeCallback (C:\Users\pc\Desktop\CRUD API\backend\node_modules\raw-body\index.js:238:16)
    at done (C:\Users\pc\Desktop\CRUD API\backend\node_modules\raw-body\index.js:227:7)
    at IncomingMessage.onEnd (C:\Users\pc\Desktop\CRUD API\backend\node_modules\raw-body\index.js:287:7)
    at IncomingMessage.emit (node:events:508:28)
    at endReadableNT (node:internal/streams/readable:1701:12)
    at process.processTicksAndRejections (node:internal/process/task_queues:89:21)
[2026-02-20 23:00:23] ERROR: ReferenceError: userService is not defined
    at verifyEmail (C:\Users\pc\Desktop\CRUD API\backend\src\controllers\authController.js:13:16)
    at Layer.handleRequest (C:\Users\pc\Desktop\CRUD API\backend\node_modules\router\lib\layer.js:152:17)
    at next (C:\Users\pc\Desktop\CRUD API\backend\node_modules\router\lib\route.js:157:13)
    at Route.dispatch (C:\Users\pc\Desktop\CRUD API\backend\node_modules\router\lib\route.js:117:3)
    at handle (C:\Users\pc\Desktop\CRUD API\backend\node_modules\router\index.js:435:11)
    at Layer.handleRequest (C:\Users\pc\Desktop\CRUD API\backend\node_modules\router\lib\layer.js:152:17)
    at C:\Users\pc\Desktop\CRUD API\backend\node_modules\router\index.js:295:15
    at param (C:\Users\pc\Desktop\CRUD API\backend\node_modules\router\index.js:600:14)
    at param (C:\Users\pc\Desktop\CRUD API\backend\node_modules\router\index.js:610:14)
    at processParams (C:\Users\pc\Desktop\CRUD API\backend\node_modules\router\index.js:664:3)
[2026-02-20 23:38:35] ERROR: SyntaxError: Unexpected end of JSON input
    at JSON.parse (<anonymous>)
    at createStrictSyntaxError (C:\Users\pc\Desktop\CRUD API\backend\node_modules\body-parser\lib\types\json.js:109:10)
    at parse (C:\Users\pc\Desktop\CRUD API\backend\node_modules\body-parser\lib\types\json.js:66:15)
    at C:\Users\pc\Desktop\CRUD API\backend\node_modules\body-parser\lib\read.js:162:18
    at AsyncResource.runInAsyncScope (node:async_hooks:214:14)
    at invokeCallback (C:\Users\pc\Desktop\CRUD API\backend\node_modules\raw-body\index.js:238:16)
    at done (C:\Users\pc\Desktop\CRUD API\backend\node_modules\raw-body\index.js:227:7)
    at IncomingMessage.onEnd (C:\Users\pc\Desktop\CRUD API\backend\node_modules\raw-body\index.js:287:7)
    at IncomingMessage.emit (node:events:508:28)
    at endReadableNT (node:internal/streams/readable:1701:12)
[2026-02-22 23:31:27] ERROR: ReferenceError: db is not defined
    at verifyEmail (C:\Users\pc\Desktop\CRUD API\backend\src\controllers\authController.js:23:3)
    at Layer.handleRequest (C:\Users\pc\Desktop\CRUD API\backend\node_modules\router\lib\layer.js:152:17)
    at next (C:\Users\pc\Desktop\CRUD API\backend\node_modules\router\lib\route.js:157:13)
    at Route.dispatch (C:\Users\pc\Desktop\CRUD API\backend\node_modules\router\lib\route.js:117:3)
    at handle (C:\Users\pc\Desktop\CRUD API\backend\node_modules\router\index.js:435:11)
    at Layer.handleRequest (C:\Users\pc\Desktop\CRUD API\backend\node_modules\router\lib\layer.js:152:17)
    at C:\Users\pc\Desktop\CRUD API\backend\node_modules\router\index.js:295:15
    at param (C:\Users\pc\Desktop\CRUD API\backend\node_modules\router\index.js:600:14)
    at param (C:\Users\pc\Desktop\CRUD API\backend\node_modules\router\index.js:610:14)
    at processParams (C:\Users\pc\Desktop\CRUD API\backend\node_modules\router\index.js:664:3)
[2026-02-22 23:31:27] ERROR: ReferenceError: db is not defined
    at verifyEmail (C:\Users\pc\Desktop\CRUD API\backend\src\controllers\authController.js:23:3)
    at Layer.handleRequest (C:\Users\pc\Desktop\CRUD API\backend\node_modules\router\lib\layer.js:152:17)
    at next (C:\Users\pc\Desktop\CRUD API\backend\node_modules\router\lib\route.js:157:13)
    at Route.dispatch (C:\Users\pc\Desktop\CRUD API\backend\node_modules\router\lib\route.js:117:3)
    at handle (C:\Users\pc\Desktop\CRUD API\backend\node_modules\router\index.js:435:11)
    at Layer.handleRequest (C:\Users\pc\Desktop\CRUD API\backend\node_modules\router\lib\layer.js:152:17)
    at C:\Users\pc\Desktop\CRUD API\backend\node_modules\router\index.js:295:15
    at param (C:\Users\pc\Desktop\CRUD API\backend\node_modules\router\index.js:600:14)
    at param (C:\Users\pc\Desktop\CRUD API\backend\node_modules\router\index.js:610:14)
    at processParams (C:\Users\pc\Desktop\CRUD API\backend\node_modules\router\index.js:664:3)
[2026-02-22 23:31:37] ERROR: ReferenceError: db is not defined
    at verifyEmail (C:\Users\pc\Desktop\CRUD API\backend\src\controllers\authController.js:23:3)
    at Layer.handleRequest (C:\Users\pc\Desktop\CRUD API\backend\node_modules\router\lib\layer.js:152:17)
    at next (C:\Users\pc\Desktop\CRUD API\backend\node_modules\router\lib\route.js:157:13)
    at Route.dispatch (C:\Users\pc\Desktop\CRUD API\backend\node_modules\router\lib\route.js:117:3)
    at handle (C:\Users\pc\Desktop\CRUD API\backend\node_modules\router\index.js:435:11)
    at Layer.handleRequest (C:\Users\pc\Desktop\CRUD API\backend\node_modules\router\lib\layer.js:152:17)
    at C:\Users\pc\Desktop\CRUD API\backend\node_modules\router\index.js:295:15
    at param (C:\Users\pc\Desktop\CRUD API\backend\node_modules\router\index.js:600:14)
    at param (C:\Users\pc\Desktop\CRUD API\backend\node_modules\router\index.js:610:14)
    at processParams (C:\Users\pc\Desktop\CRUD API\backend\node_modules\router\index.js:664:3)
[2026-02-22 23:31:37] ERROR: ReferenceError: db is not defined
    at verifyEmail (C:\Users\pc\Desktop\CRUD API\backend\src\controllers\authController.js:23:3)
    at Layer.handleRequest (C:\Users\pc\Desktop\CRUD API\backend\node_modules\router\lib\layer.js:152:17)
    at next (C:\Users\pc\Desktop\CRUD API\backend\node_modules\router\lib\route.js:157:13)
    at Route.dispatch (C:\Users\pc\Desktop\CRUD API\backend\node_modules\router\lib\route.js:117:3)
    at handle (C:\Users\pc\Desktop\CRUD API\backend\node_modules\router\index.js:435:11)
    at Layer.handleRequest (C:\Users\pc\Desktop\CRUD API\backend\node_modules\router\lib\layer.js:152:17)
    at C:\Users\pc\Desktop\CRUD API\backend\node_modules\router\index.js:295:15
    at param (C:\Users\pc\Desktop\CRUD API\backend\node_modules\router\index.js:600:14)
    at param (C:\Users\pc\Desktop\CRUD API\backend\node_modules\router\index.js:610:14)
    at processParams (C:\Users\pc\Desktop\CRUD API\backend\node_modules\router\index.js:664:3)
[2026-02-22 23:31:53] ERROR: ReferenceError: db is not defined
    at verifyEmail (C:\Users\pc\Desktop\CRUD API\backend\src\controllers\authController.js:23:3)
    at Layer.handleRequest (C:\Users\pc\Desktop\CRUD API\backend\node_modules\router\lib\layer.js:152:17)
    at next (C:\Users\pc\Desktop\CRUD API\backend\node_modules\router\lib\route.js:157:13)
    at Route.dispatch (C:\Users\pc\Desktop\CRUD API\backend\node_modules\router\lib\route.js:117:3)
    at handle (C:\Users\pc\Desktop\CRUD API\backend\node_modules\router\index.js:435:11)
    at Layer.handleRequest (C:\Users\pc\Desktop\CRUD API\backend\node_modules\router\lib\layer.js:152:17)
    at C:\Users\pc\Desktop\CRUD API\backend\node_modules\router\index.js:295:15
    at param (C:\Users\pc\Desktop\CRUD API\backend\node_modules\router\index.js:600:14)
    at param (C:\Users\pc\Desktop\CRUD API\backend\node_modules\router\index.js:610:14)
    at processParams (C:\Users\pc\Desktop\CRUD API\backend\node_modules\router\index.js:664:3)
[2026-02-22 23:31:53] ERROR: ReferenceError: db is not defined
    at verifyEmail (C:\Users\pc\Desktop\CRUD API\backend\src\controllers\authController.js:23:3)
    at Layer.handleRequest (C:\Users\pc\Desktop\CRUD API\backend\node_modules\router\lib\layer.js:152:17)
    at next (C:\Users\pc\Desktop\CRUD API\backend\node_modules\router\lib\route.js:157:13)
    at Route.dispatch (C:\Users\pc\Desktop\CRUD API\backend\node_modules\router\lib\route.js:117:3)
    at handle (C:\Users\pc\Desktop\CRUD API\backend\node_modules\router\index.js:435:11)
    at Layer.handleRequest (C:\Users\pc\Desktop\CRUD API\backend\node_modules\router\lib\layer.js:152:17)
    at C:\Users\pc\Desktop\CRUD API\backend\node_modules\router\index.js:295:15
    at param (C:\Users\pc\Desktop\CRUD API\backend\node_modules\router\index.js:600:14)
    at param (C:\Users\pc\Desktop\CRUD API\backend\node_modules\router\index.js:610:14)
    at processParams (C:\Users\pc\Desktop\CRUD API\backend\node_modules\router\index.js:664:3)
[2026-02-22 23:38:51] ERROR: TypeError: Cannot destructure property 'name' of 'req.body' as it is undefined.
    at Object.registerUser (C:\Users\pc\Desktop\CRUD API\backend\src\services\authService.js:8:11)
    at register (C:\Users\pc\Desktop\CRUD API\backend\src\controllers\authController.js:5:38)
    at Layer.handleRequest (C:\Users\pc\Desktop\CRUD API\backend\node_modules\router\lib\layer.js:152:17)
    at next (C:\Users\pc\Desktop\CRUD API\backend\node_modules\router\lib\route.js:157:13)
    at Route.dispatch (C:\Users\pc\Desktop\CRUD API\backend\node_modules\router\lib\route.js:117:3)
    at handle (C:\Users\pc\Desktop\CRUD API\backend\node_modules\router\index.js:435:11)
    at Layer.handleRequest (C:\Users\pc\Desktop\CRUD API\backend\node_modules\router\lib\layer.js:152:17)
    at C:\Users\pc\Desktop\CRUD API\backend\node_modules\router\index.js:295:15
    at processParams (C:\Users\pc\Desktop\CRUD API\backend\node_modules\router\index.js:582:12)
    at next (C:\Users\pc\Desktop\CRUD API\backend\node_modules\router\index.js:291:5)
[2026-02-22 23:38:55] ERROR: TypeError: Cannot destructure property 'name' of 'req.body' as it is undefined.
    at Object.registerUser (C:\Users\pc\Desktop\CRUD API\backend\src\services\authService.js:8:11)
    at register (C:\Users\pc\Desktop\CRUD API\backend\src\controllers\authController.js:5:38)
    at Layer.handleRequest (C:\Users\pc\Desktop\CRUD API\backend\node_modules\router\lib\layer.js:152:17)
    at next (C:\Users\pc\Desktop\CRUD API\backend\node_modules\router\lib\route.js:157:13)
    at Route.dispatch (C:\Users\pc\Desktop\CRUD API\backend\node_modules\router\lib\route.js:117:3)
    at handle (C:\Users\pc\Desktop\CRUD API\backend\node_modules\router\index.js:435:11)
    at Layer.handleRequest (C:\Users\pc\Desktop\CRUD API\backend\node_modules\router\lib\layer.js:152:17)
    at C:\Users\pc\Desktop\CRUD API\backend\node_modules\router\index.js:295:15
    at processParams (C:\Users\pc\Desktop\CRUD API\backend\node_modules\router\index.js:582:12)
    at next (C:\Users\pc\Desktop\CRUD API\backend\node_modules\router\index.js:291:5)
[2026-02-22 23:44:08] ERROR: TypeError: Cannot read properties of undefined (reading 'status')
    at Object.registerUser (C:\Users\pc\Desktop\CRUD API\backend\src\services\authService.js:62:16)
    at register (C:\Users\pc\Desktop\CRUD API\backend\src\controllers\authController.js:5:38)
    at Layer.handleRequest (C:\Users\pc\Desktop\CRUD API\backend\node_modules\router\lib\layer.js:152:17)
    at next (C:\Users\pc\Desktop\CRUD API\backend\node_modules\router\lib\route.js:157:13)
    at Route.dispatch (C:\Users\pc\Desktop\CRUD API\backend\node_modules\router\lib\route.js:117:3)
    at handle (C:\Users\pc\Desktop\CRUD API\backend\node_modules\router\index.js:435:11)
    at Layer.handleRequest (C:\Users\pc\Desktop\CRUD API\backend\node_modules\router\lib\layer.js:152:17)
    at C:\Users\pc\Desktop\CRUD API\backend\node_modules\router\index.js:295:15
    at processParams (C:\Users\pc\Desktop\CRUD API\backend\node_modules\router\index.js:582:12)
    at next (C:\Users\pc\Desktop\CRUD API\backend\node_modules\router\index.js:291:5)
[2026-02-22 23:44:31] ERROR: TypeError: Cannot read properties of undefined (reading 'status')
    at Object.registerUser (C:\Users\pc\Desktop\CRUD API\backend\src\services\authService.js:62:16)
    at register (C:\Users\pc\Desktop\CRUD API\backend\src\controllers\authController.js:5:38)
    at Layer.handleRequest (C:\Users\pc\Desktop\CRUD API\backend\node_modules\router\lib\layer.js:152:17)
    at next (C:\Users\pc\Desktop\CRUD API\backend\node_modules\router\lib\route.js:157:13)
    at Route.dispatch (C:\Users\pc\Desktop\CRUD API\backend\node_modules\router\lib\route.js:117:3)
    at handle (C:\Users\pc\Desktop\CRUD API\backend\node_modules\router\index.js:435:11)
    at Layer.handleRequest (C:\Users\pc\Desktop\CRUD API\backend\node_modules\router\lib\layer.js:152:17)
    at C:\Users\pc\Desktop\CRUD API\backend\node_modules\router\index.js:295:15
    at processParams (C:\Users\pc\Desktop\CRUD API\backend\node_modules\router\index.js:582:12)
    at next (C:\Users\pc\Desktop\CRUD API\backend\node_modules\router\index.js:291:5)
[2026-02-22 23:46:55] ERROR: TypeError: Cannot read properties of undefined (reading 'status')
    at Object.registerUser (C:\Users\pc\Desktop\CRUD API\backend\src\services\authService.js:62:16)
    at register (C:\Users\pc\Desktop\CRUD API\backend\src\controllers\authController.js:5:38)
    at Layer.handleRequest (C:\Users\pc\Desktop\CRUD API\backend\node_modules\router\lib\layer.js:152:17)
    at next (C:\Users\pc\Desktop\CRUD API\backend\node_modules\router\lib\route.js:157:13)
    at Route.dispatch (C:\Users\pc\Desktop\CRUD API\backend\node_modules\router\lib\route.js:117:3)
    at handle (C:\Users\pc\Desktop\CRUD API\backend\node_modules\router\index.js:435:11)
    at Layer.handleRequest (C:\Users\pc\Desktop\CRUD API\backend\node_modules\router\lib\layer.js:152:17)
    at C:\Users\pc\Desktop\CRUD API\backend\node_modules\router\index.js:295:15
    at processParams (C:\Users\pc\Desktop\CRUD API\backend\node_modules\router\index.js:582:12)
    at next (C:\Users\pc\Desktop\CRUD API\backend\node_modules\router\index.js:291:5)
[2026-02-22 23:48:34] ERROR: TypeError: Cannot read properties of undefined (reading 'status')
    at Object.registerUser (C:\Users\pc\Desktop\CRUD API\backend\src\services\authService.js:62:16)
    at register (C:\Users\pc\Desktop\CRUD API\backend\src\controllers\authController.js:5:38)
    at Layer.handleRequest (C:\Users\pc\Desktop\CRUD API\backend\node_modules\router\lib\layer.js:152:17)
    at next (C:\Users\pc\Desktop\CRUD API\backend\node_modules\router\lib\route.js:157:13)
    at Route.dispatch (C:\Users\pc\Desktop\CRUD API\backend\node_modules\router\lib\route.js:117:3)
    at handle (C:\Users\pc\Desktop\CRUD API\backend\node_modules\router\index.js:435:11)
    at Layer.handleRequest (C:\Users\pc\Desktop\CRUD API\backend\node_modules\router\lib\layer.js:152:17)
    at C:\Users\pc\Desktop\CRUD API\backend\node_modules\router\index.js:295:15
    at processParams (C:\Users\pc\Desktop\CRUD API\backend\node_modules\router\index.js:582:12)
    at next (C:\Users\pc\Desktop\CRUD API\backend\node_modules\router\index.js:291:5)
[2026-02-23 18:52:22] ERROR: TypeError: Cannot read properties of undefined (reading 'status')
    at Object.registerUser (C:\Users\pc\Desktop\CRUD API\backend\src\services\authService.js:62:16)
    at register (C:\Users\pc\Desktop\CRUD API\backend\src\controllers\authController.js:5:38)
    at Layer.handleRequest (C:\Users\pc\Desktop\CRUD API\backend\node_modules\router\lib\layer.js:152:17)
    at next (C:\Users\pc\Desktop\CRUD API\backend\node_modules\router\lib\route.js:157:13)
    at Route.dispatch (C:\Users\pc\Desktop\CRUD API\backend\node_modules\router\lib\route.js:117:3)
    at handle (C:\Users\pc\Desktop\CRUD API\backend\node_modules\router\index.js:435:11)
    at Layer.handleRequest (C:\Users\pc\Desktop\CRUD API\backend\node_modules\router\lib\layer.js:152:17)
    at C:\Users\pc\Desktop\CRUD API\backend\node_modules\router\index.js:295:15
    at processParams (C:\Users\pc\Desktop\CRUD API\backend\node_modules\router\index.js:582:12)
    at next (C:\Users\pc\Desktop\CRUD API\backend\node_modules\router\index.js:291:5)
[2026-02-23 19:11:12] ERROR: TypeError: Cannot read properties of undefined (reading 'status')
    at Object.registerUser (C:\Users\pc\Desktop\CRUD API\backend\src\services\authService.js:62:16)
    at register (C:\Users\pc\Desktop\CRUD API\backend\src\controllers\authController.js:5:38)
    at Layer.handleRequest (C:\Users\pc\Desktop\CRUD API\backend\node_modules\router\lib\layer.js:152:17)
    at next (C:\Users\pc\Desktop\CRUD API\backend\node_modules\router\lib\route.js:157:13)
    at Route.dispatch (C:\Users\pc\Desktop\CRUD API\backend\node_modules\router\lib\route.js:117:3)
    at handle (C:\Users\pc\Desktop\CRUD API\backend\node_modules\router\index.js:435:11)
    at Layer.handleRequest (C:\Users\pc\Desktop\CRUD API\backend\node_modules\router\lib\layer.js:152:17)
    at C:\Users\pc\Desktop\CRUD API\backend\node_modules\router\index.js:295:15
    at processParams (C:\Users\pc\Desktop\CRUD API\backend\node_modules\router\index.js:582:12)
    at next (C:\Users\pc\Desktop\CRUD API\backend\node_modules\router\index.js:291:5)
[2026-02-23 19:31:01] ERROR: TypeError: authService.registerUser is not a function
    at register (C:\Users\pc\Desktop\CRUD API\backend\src\controllers\authController.js:5:38)
    at Layer.handleRequest (C:\Users\pc\Desktop\CRUD API\backend\node_modules\router\lib\layer.js:152:17)
    at next (C:\Users\pc\Desktop\CRUD API\backend\node_modules\router\lib\route.js:157:13)
    at Route.dispatch (C:\Users\pc\Desktop\CRUD API\backend\node_modules\router\lib\route.js:117:3)
    at handle (C:\Users\pc\Desktop\CRUD API\backend\node_modules\router\index.js:435:11)
    at Layer.handleRequest (C:\Users\pc\Desktop\CRUD API\backend\node_modules\router\lib\layer.js:152:17)
    at C:\Users\pc\Desktop\CRUD API\backend\node_modules\router\index.js:295:15
    at processParams (C:\Users\pc\Desktop\CRUD API\backend\node_modules\router\index.js:582:12)
    at next (C:\Users\pc\Desktop\CRUD API\backend\node_modules\router\index.js:291:5)
    at router.handle (C:\Users\pc\Desktop\CRUD API\backend\node_modules\router\index.js:186:3)
[2026-02-23 19:34:09] ERROR: TypeError: authService.registerUser is not a function
    at register (C:\Users\pc\Desktop\CRUD API\backend\src\controllers\authController.js:5:38)
    at Layer.handleRequest (C:\Users\pc\Desktop\CRUD API\backend\node_modules\router\lib\layer.js:152:17)
    at next (C:\Users\pc\Desktop\CRUD API\backend\node_modules\router\lib\route.js:157:13)
    at Route.dispatch (C:\Users\pc\Desktop\CRUD API\backend\node_modules\router\lib\route.js:117:3)
    at handle (C:\Users\pc\Desktop\CRUD API\backend\node_modules\router\index.js:435:11)
    at Layer.handleRequest (C:\Users\pc\Desktop\CRUD API\backend\node_modules\router\lib\layer.js:152:17)
    at C:\Users\pc\Desktop\CRUD API\backend\node_modules\router\index.js:295:15
    at processParams (C:\Users\pc\Desktop\CRUD API\backend\node_modules\router\index.js:582:12)
    at next (C:\Users\pc\Desktop\CRUD API\backend\node_modules\router\index.js:291:5)
    at router.handle (C:\Users\pc\Desktop\CRUD API\backend\node_modules\router\index.js:186:3)
[2026-02-23 19:45:55] ERROR: TypeError: authService.registerUser is not a function
    at register (C:\Users\pc\Desktop\CRUD API\backend\src\controllers\authController.js:5:38)
    at Layer.handleRequest (C:\Users\pc\Desktop\CRUD API\backend\node_modules\router\lib\layer.js:152:17)
    at next (C:\Users\pc\Desktop\CRUD API\backend\node_modules\router\lib\route.js:157:13)
    at Route.dispatch (C:\Users\pc\Desktop\CRUD API\backend\node_modules\router\lib\route.js:117:3)
    at handle (C:\Users\pc\Desktop\CRUD API\backend\node_modules\router\index.js:435:11)
    at Layer.handleRequest (C:\Users\pc\Desktop\CRUD API\backend\node_modules\router\lib\layer.js:152:17)
    at C:\Users\pc\Desktop\CRUD API\backend\node_modules\router\index.js:295:15
    at processParams (C:\Users\pc\Desktop\CRUD API\backend\node_modules\router\index.js:582:12)
    at next (C:\Users\pc\Desktop\CRUD API\backend\node_modules\router\index.js:291:5)
    at router.handle (C:\Users\pc\Desktop\CRUD API\backend\node_modules\router\index.js:186:3)
[2026-02-23 21:17:23] ERROR: Error
    at Database.<anonymous> (C:\Users\pc\Desktop\CRUD API\backend\node_modules\sequelize\lib\dialects\sqlite\query.js:185:27)
    at C:\Users\pc\Desktop\CRUD API\backend\node_modules\sequelize\lib\dialects\sqlite\query.js:183:50
    at new Promise (<anonymous>)
    at Query.run (C:\Users\pc\Desktop\CRUD API\backend\node_modules\sequelize\lib\dialects\sqlite\query.js:183:12)
    at C:\Users\pc\Desktop\CRUD API\backend\node_modules\sequelize\lib\sequelize.js:315:28
    at process.processTicksAndRejections (node:internal/process/task_queues:103:5)
    at async SQLiteQueryInterface.select (C:\Users\pc\Desktop\CRUD API\backend\node_modules\sequelize\lib\dialects\abstract\query-interface.js:407:12)
    at async User.findAll (C:\Users\pc\Desktop\CRUD API\backend\node_modules\sequelize\lib\model.js:1140:21)
    at async User.findOne (C:\Users\pc\Desktop\CRUD API\backend\node_modules\sequelize\lib\model.js:1240:12)
    at async Object.registerUser (C:\Users\pc\Desktop\CRUD API\backend\src\services\authService.js:18:24)
[2026-02-23 21:19:18] ERROR: Error
    at Database.<anonymous> (C:\Users\pc\Desktop\CRUD API\backend\node_modules\sequelize\lib\dialects\sqlite\query.js:185:27)
    at C:\Users\pc\Desktop\CRUD API\backend\node_modules\sequelize\lib\dialects\sqlite\query.js:183:50
    at new Promise (<anonymous>)
    at Query.run (C:\Users\pc\Desktop\CRUD API\backend\node_modules\sequelize\lib\dialects\sqlite\query.js:183:12)
    at C:\Users\pc\Desktop\CRUD API\backend\node_modules\sequelize\lib\sequelize.js:315:28
    at process.processTicksAndRejections (node:internal/process/task_queues:103:5)
    at async SQLiteQueryInterface.select (C:\Users\pc\Desktop\CRUD API\backend\node_modules\sequelize\lib\dialects\abstract\query-interface.js:407:12)
    at async User.findAll (C:\Users\pc\Desktop\CRUD API\backend\node_modules\sequelize\lib\model.js:1140:21)
    at async User.findOne (C:\Users\pc\Desktop\CRUD API\backend\node_modules\sequelize\lib\model.js:1240:12)
    at async Object.registerUser (C:\Users\pc\Desktop\CRUD API\backend\src\services\authService.js:18:24)
[2026-02-23 21:19:32] ERROR: Error
    at Database.<anonymous> (C:\Users\pc\Desktop\CRUD API\backend\node_modules\sequelize\lib\dialects\sqlite\query.js:185:27)
    at C:\Users\pc\Desktop\CRUD API\backend\node_modules\sequelize\lib\dialects\sqlite\query.js:183:50
    at new Promise (<anonymous>)
    at Query.run (C:\Users\pc\Desktop\CRUD API\backend\node_modules\sequelize\lib\dialects\sqlite\query.js:183:12)
    at C:\Users\pc\Desktop\CRUD API\backend\node_modules\sequelize\lib\sequelize.js:315:28
    at process.processTicksAndRejections (node:internal/process/task_queues:103:5)
    at async SQLiteQueryInterface.select (C:\Users\pc\Desktop\CRUD API\backend\node_modules\sequelize\lib\dialects\abstract\query-interface.js:407:12)
    at async User.findAll (C:\Users\pc\Desktop\CRUD API\backend\node_modules\sequelize\lib\model.js:1140:21)
    at async User.findOne (C:\Users\pc\Desktop\CRUD API\backend\node_modules\sequelize\lib\model.js:1240:12)
    at async Object.registerUser (C:\Users\pc\Desktop\CRUD API\backend\src\services\authService.js:18:24)
[2026-02-23 21:30:16] ERROR: Error: Invalid login: 535-5.7.8 Username and Password not accepted. For more information, go to
535 5.7.8  https://support.google.com/mail/?p=BadCredentials ffacd0b85a97d-43970d54a73sm21712731f8f.37 - gsmtp
    at SMTPConnection._formatError (C:\Users\pc\Desktop\CRUD API\backend\node_modules\nodemailer\lib\smtp-connection\index.js:912:19)
    at SMTPConnection._actionAUTHComplete (C:\Users\pc\Desktop\CRUD API\backend\node_modules\nodemailer\lib\smtp-connection\index.js:1722:34)
    at SMTPConnection.<anonymous> (C:\Users\pc\Desktop\CRUD API\backend\node_modules\nodemailer\lib\smtp-connection\index.js:651:26)
    at SMTPConnection._processResponse (C:\Users\pc\Desktop\CRUD API\backend\node_modules\nodemailer\lib\smtp-connection\index.js:1098:20)
    at SMTPConnection._onData (C:\Users\pc\Desktop\CRUD API\backend\node_modules\nodemailer\lib\smtp-connection\index.js:872:14)
    at SMTPConnection._onSocketData (C:\Users\pc\Desktop\CRUD API\backend\node_modules\nodemailer\lib\smtp-connection\index.js:196:44)
    at TLSSocket.emit (node:events:508:28)
    at addChunk (node:internal/streams/readable:559:12)
    at readableAddChunkPushByteMode (node:internal/streams/readable:510:3)
    at Readable.push (node:internal/streams/readable:390:5)
[2026-02-23 21:33:51] ERROR: Error: Invalid login: 535-5.7.8 Username and Password not accepted. For more information, go to
535 5.7.8  https://support.google.com/mail/?p=BadCredentials ffacd0b85a97d-43970d54754sm20338332f8f.36 - gsmtp
    at SMTPConnection._formatError (C:\Users\pc\Desktop\CRUD API\backend\node_modules\nodemailer\lib\smtp-connection\index.js:912:19)
    at SMTPConnection._actionAUTHComplete (C:\Users\pc\Desktop\CRUD API\backend\node_modules\nodemailer\lib\smtp-connection\index.js:1722:34)
    at SMTPConnection.<anonymous> (C:\Users\pc\Desktop\CRUD API\backend\node_modules\nodemailer\lib\smtp-connection\index.js:651:26)
    at SMTPConnection._processResponse (C:\Users\pc\Desktop\CRUD API\backend\node_modules\nodemailer\lib\smtp-connection\index.js:1098:20)
    at SMTPConnection._onData (C:\Users\pc\Desktop\CRUD API\backend\node_modules\nodemailer\lib\smtp-connection\index.js:872:14)
    at SMTPConnection._onSocketData (C:\Users\pc\Desktop\CRUD API\backend\node_modules\nodemailer\lib\smtp-connection\index.js:196:44)
    at TLSSocket.emit (node:events:508:28)
    at addChunk (node:internal/streams/readable:559:12)
    at readableAddChunkPushByteMode (node:internal/streams/readable:510:3)
    at Readable.push (node:internal/streams/readable:390:5)
[2026-02-23 21:34:24] ERROR: Error: User already exists
    at Object.registerUser (C:\Users\pc\Desktop\CRUD API\backend\src\services\authService.js:20:11)
    at async register (C:\Users\pc\Desktop\CRUD API\backend\src\controllers\authController.js:8:18)
[2026-02-23 21:43:08] ERROR: Error: Invalid login: 535-5.7.8 Username and Password not accepted. For more information, go to
535 5.7.8  https://support.google.com/mail/?p=BadCredentials 5b1f17b1804b1-483a9b668f3sm210912415e9.3 - gsmtp
    at SMTPConnection._formatError (C:\Users\pc\Desktop\CRUD API\backend\node_modules\nodemailer\lib\smtp-connection\index.js:912:19)
    at SMTPConnection._actionAUTHComplete (C:\Users\pc\Desktop\CRUD API\backend\node_modules\nodemailer\lib\smtp-connection\index.js:1722:34)
    at SMTPConnection.<anonymous> (C:\Users\pc\Desktop\CRUD API\backend\node_modules\nodemailer\lib\smtp-connection\index.js:651:26)
    at SMTPConnection._processResponse (C:\Users\pc\Desktop\CRUD API\backend\node_modules\nodemailer\lib\smtp-connection\index.js:1098:20)
    at SMTPConnection._onData (C:\Users\pc\Desktop\CRUD API\backend\node_modules\nodemailer\lib\smtp-connection\index.js:872:14)
    at SMTPConnection._onSocketData (C:\Users\pc\Desktop\CRUD API\backend\node_modules\nodemailer\lib\smtp-connection\index.js:196:44)
    at TLSSocket.emit (node:events:508:28)
    at addChunk (node:internal/streams/readable:559:12)
    at readableAddChunkPushByteMode (node:internal/streams/readable:510:3)
    at Readable.push (node:internal/streams/readable:390:5)
[2026-02-23 21:45:37] ERROR: Error: Invalid login: 535-5.7.8 Username and Password not accepted. For more information, go to
535 5.7.8  https://support.google.com/mail/?p=BadCredentials a640c23a62f3a-b9084cad856sm338949866b.24 - gsmtp
    at SMTPConnection._formatError (C:\Users\pc\Desktop\CRUD API\backend\node_modules\nodemailer\lib\smtp-connection\index.js:912:19)
    at SMTPConnection._actionAUTHComplete (C:\Users\pc\Desktop\CRUD API\backend\node_modules\nodemailer\lib\smtp-connection\index.js:1722:34)
    at SMTPConnection.<anonymous> (C:\Users\pc\Desktop\CRUD API\backend\node_modules\nodemailer\lib\smtp-connection\index.js:651:26)
    at SMTPConnection._processResponse (C:\Users\pc\Desktop\CRUD API\backend\node_modules\nodemailer\lib\smtp-connection\index.js:1098:20)
    at SMTPConnection._onData (C:\Users\pc\Desktop\CRUD API\backend\node_modules\nodemailer\lib\smtp-connection\index.js:872:14)
    at SMTPConnection._onSocketData (C:\Users\pc\Desktop\CRUD API\backend\node_modules\nodemailer\lib\smtp-connection\index.js:196:44)
    at TLSSocket.emit (node:events:508:28)
    at addChunk (node:internal/streams/readable:559:12)
    at readableAddChunkPushByteMode (node:internal/streams/readable:510:3)
    at Readable.push (node:internal/streams/readable:390:5)
[2026-02-24 23:18:51] ERROR: Error: Please verify your email first
    at Object.loginUser (C:\Users\pc\Desktop\CRUD API\backend\src\services\authService.js:98:11)
    at async login (C:\Users\pc\Desktop\CRUD API\backend\src\controllers\authController.js:45:18)
[2026-02-24 23:26:18] ERROR: Error: Invalid verification token
    at Object.verifyUserEmail (C:\Users\pc\Desktop\CRUD API\backend\src\services\authService.js:61:11)
    at async verifyEmail (C:\Users\pc\Desktop\CRUD API\backend\src\controllers\authController.js:30:5)
[2026-02-24 23:28:05] ERROR: Error: Invalid verification token
    at Object.verifyUserEmail (C:\Users\pc\Desktop\CRUD API\backend\src\services\authService.js:61:11)
    at async verifyEmail (C:\Users\pc\Desktop\CRUD API\backend\src\controllers\authController.js:30:5)
[2026-02-25 19:34:02] ERROR: Error
    at Database.<anonymous> (C:\Users\pc\Desktop\CRUD API\backend\node_modules\sequelize\lib\dialects\sqlite\query.js:185:27)
    at C:\Users\pc\Desktop\CRUD API\backend\node_modules\sequelize\lib\dialects\sqlite\query.js:183:50
    at new Promise (<anonymous>)
    at Query.run (C:\Users\pc\Desktop\CRUD API\backend\node_modules\sequelize\lib\dialects\sqlite\query.js:183:12)
    at C:\Users\pc\Desktop\CRUD API\backend\node_modules\sequelize\lib\sequelize.js:315:28
    at async SQLiteQueryInterface.insert (C:\Users\pc\Desktop\CRUD API\backend\node_modules\sequelize\lib\dialects\abstract\query-interface.js:308:21)
    at async model.save (C:\Users\pc\Desktop\CRUD API\backend\node_modules\sequelize\lib\model.js:2490:35)
    at async User.create (C:\Users\pc\Desktop\CRUD API\backend\node_modules\sequelize\lib\model.js:1362:12)
    at async Object.registerUser (C:\Users\pc\Desktop\CRUD API\backend\src\services\authService.js:28:16)
    at async register (C:\Users\pc\Desktop\CRUD API\backend\src\controllers\authController.js:8:18)
[2026-02-25 19:46:29] ERROR: Error
    at Database.<anonymous> (C:\Users\pc\Desktop\CRUD API\backend\node_modules\sequelize\lib\dialects\sqlite\query.js:185:27)
    at C:\Users\pc\Desktop\CRUD API\backend\node_modules\sequelize\lib\dialects\sqlite\query.js:183:50
    at new Promise (<anonymous>)
    at Query.run (C:\Users\pc\Desktop\CRUD API\backend\node_modules\sequelize\lib\dialects\sqlite\query.js:183:12)
    at C:\Users\pc\Desktop\CRUD API\backend\node_modules\sequelize\lib\sequelize.js:315:28
    at async SQLiteQueryInterface.insert (C:\Users\pc\Desktop\CRUD API\backend\node_modules\sequelize\lib\dialects\abstract\query-interface.js:308:21)
    at async model.save (C:\Users\pc\Desktop\CRUD API\backend\node_modules\sequelize\lib\model.js:2490:35)
    at async User.create (C:\Users\pc\Desktop\CRUD API\backend\node_modules\sequelize\lib\model.js:1362:12)
    at async Object.registerUser (C:\Users\pc\Desktop\CRUD API\backend\src\services\authService.js:28:16)
    at async register (C:\Users\pc\Desktop\CRUD API\backend\src\controllers\authController.js:8:18)
[2026-02-25 19:49:31] ERROR: Error
    at Database.<anonymous> (C:\Users\pc\Desktop\CRUD API\backend\node_modules\sequelize\lib\dialects\sqlite\query.js:185:27)
    at C:\Users\pc\Desktop\CRUD API\backend\node_modules\sequelize\lib\dialects\sqlite\query.js:183:50
    at new Promise (<anonymous>)
    at Query.run (C:\Users\pc\Desktop\CRUD API\backend\node_modules\sequelize\lib\dialects\sqlite\query.js:183:12)
    at C:\Users\pc\Desktop\CRUD API\backend\node_modules\sequelize\lib\sequelize.js:315:28
    at async SQLiteQueryInterface.insert (C:\Users\pc\Desktop\CRUD API\backend\node_modules\sequelize\lib\dialects\abstract\query-interface.js:308:21)
    at async model.save (C:\Users\pc\Desktop\CRUD API\backend\node_modules\sequelize\lib\model.js:2490:35)
    at async User.create (C:\Users\pc\Desktop\CRUD API\backend\node_modules\sequelize\lib\model.js:1362:12)
    at async Object.registerUser (C:\Users\pc\Desktop\CRUD API\backend\src\services\authService.js:28:16)
    at async register (C:\Users\pc\Desktop\CRUD API\backend\src\controllers\authController.js:8:18)
[2026-02-25 19:56:23] ERROR: Error
    at Database.<anonymous> (C:\Users\pc\Desktop\CRUD API\backend\node_modules\sequelize\lib\dialects\sqlite\query.js:185:27)
    at C:\Users\pc\Desktop\CRUD API\backend\node_modules\sequelize\lib\dialects\sqlite\query.js:183:50
    at new Promise (<anonymous>)
    at Query.run (C:\Users\pc\Desktop\CRUD API\backend\node_modules\sequelize\lib\dialects\sqlite\query.js:183:12)
    at C:\Users\pc\Desktop\CRUD API\backend\node_modules\sequelize\lib\sequelize.js:315:28
    at async SQLiteQueryInterface.insert (C:\Users\pc\Desktop\CRUD API\backend\node_modules\sequelize\lib\dialects\abstract\query-interface.js:308:21)
    at async model.save (C:\Users\pc\Desktop\CRUD API\backend\node_modules\sequelize\lib\model.js:2490:35)
    at async User.create (C:\Users\pc\Desktop\CRUD API\backend\node_modules\sequelize\lib\model.js:1362:12)
    at async Object.registerUser (C:\Users\pc\Desktop\CRUD API\backend\src\services\authService.js:28:16)
    at async register (C:\Users\pc\Desktop\CRUD API\backend\src\controllers\authController.js:8:18)
[2026-02-25 20:17:10] ERROR: Error
    at Database.<anonymous> (C:\Users\pc\Desktop\CRUD API\backend\node_modules\sequelize\lib\dialects\sqlite\query.js:185:27)
    at C:\Users\pc\Desktop\CRUD API\backend\node_modules\sequelize\lib\dialects\sqlite\query.js:183:50
    at new Promise (<anonymous>)
    at Query.run (C:\Users\pc\Desktop\CRUD API\backend\node_modules\sequelize\lib\dialects\sqlite\query.js:183:12)
    at C:\Users\pc\Desktop\CRUD API\backend\node_modules\sequelize\lib\sequelize.js:315:28
    at async SQLiteQueryInterface.insert (C:\Users\pc\Desktop\CRUD API\backend\node_modules\sequelize\lib\dialects\abstract\query-interface.js:308:21)
    at async model.save (C:\Users\pc\Desktop\CRUD API\backend\node_modules\sequelize\lib\model.js:2490:35)
    at async User.create (C:\Users\pc\Desktop\CRUD API\backend\node_modules\sequelize\lib\model.js:1362:12)
    at async Object.registerUser (C:\Users\pc\Desktop\CRUD API\backend\src\services\authService.js:28:16)
    at async register (C:\Users\pc\Desktop\CRUD API\backend\src\controllers\authController.js:8:18)
[2026-02-25 21:58:43] ERROR: Error: User already exists
    at Object.registerUser (C:\Users\pc\Desktop\CRUD API\backend\src\services\authService.js:21:11)
    at async register (C:\Users\pc\Desktop\CRUD API\backend\src\controllers\authController.js:8:18)
[2026-02-25 21:59:34] ERROR: Error: User already exists
    at Object.registerUser (C:\Users\pc\Desktop\CRUD API\backend\src\services\authService.js:21:11)
    at async register (C:\Users\pc\Desktop\CRUD API\backend\src\controllers\authController.js:8:18)
[2026-02-25 22:00:25] ERROR: Error: User already exists
    at Object.registerUser (C:\Users\pc\Desktop\CRUD API\backend\src\services\authService.js:21:11)
    at async register (C:\Users\pc\Desktop\CRUD API\backend\src\controllers\authController.js:8:18)
[2026-02-25 22:00:31] ERROR: Error: User already exists
    at Object.registerUser (C:\Users\pc\Desktop\CRUD API\backend\src\services\authService.js:21:11)
    at async register (C:\Users\pc\Desktop\CRUD API\backend\src\controllers\authController.js:8:18)
[2026-02-25 22:03:24] ERROR: Error: User already exists
    at Object.registerUser (C:\Users\pc\Desktop\CRUD API\backend\src\services\authService.js:21:11)
    at async register (C:\Users\pc\Desktop\CRUD API\backend\src\controllers\authController.js:8:18)
[2026-02-25 22:03:47] ERROR: Error: User already exists
    at Object.registerUser (C:\Users\pc\Desktop\CRUD API\backend\src\services\authService.js:21:11)
    at async register (C:\Users\pc\Desktop\CRUD API\backend\src\controllers\authController.js:8:18)
[2026-02-25 22:06:46] ERROR: Error
    at Database.<anonymous> (C:\Users\pc\Desktop\CRUD API\backend\node_modules\sequelize\lib\dialects\sqlite\query.js:185:27)
    at C:\Users\pc\Desktop\CRUD API\backend\node_modules\sequelize\lib\dialects\sqlite\query.js:183:50
    at new Promise (<anonymous>)
    at Query.run (C:\Users\pc\Desktop\CRUD API\backend\node_modules\sequelize\lib\dialects\sqlite\query.js:183:12)
    at C:\Users\pc\Desktop\CRUD API\backend\node_modules\sequelize\lib\sequelize.js:315:28
    at async SQLiteQueryInterface.insert (C:\Users\pc\Desktop\CRUD API\backend\node_modules\sequelize\lib\dialects\abstract\query-interface.js:308:21)
    at async model.save (C:\Users\pc\Desktop\CRUD API\backend\node_modules\sequelize\lib\model.js:2490:35)
    at async User.create (C:\Users\pc\Desktop\CRUD API\backend\node_modules\sequelize\lib\model.js:1362:12)
    at async Object.registerUser (C:\Users\pc\Desktop\CRUD API\backend\src\services\authService.js:26:16)
    at async register (C:\Users\pc\Desktop\CRUD API\backend\src\controllers\authController.js:8:18)
[2026-02-25 22:32:17] ERROR: Error
    at Database.<anonymous> (C:\Users\pc\Desktop\CRUD API\backend\node_modules\sequelize\lib\dialects\sqlite\query.js:185:27)
    at C:\Users\pc\Desktop\CRUD API\backend\node_modules\sequelize\lib\dialects\sqlite\query.js:183:50
    at new Promise (<anonymous>)
    at Query.run (C:\Users\pc\Desktop\CRUD API\backend\node_modules\sequelize\lib\dialects\sqlite\query.js:183:12)
    at C:\Users\pc\Desktop\CRUD API\backend\node_modules\sequelize\lib\sequelize.js:315:28
    at process.processTicksAndRejections (node:internal/process/task_queues:103:5)
    at async SQLiteQueryInterface.select (C:\Users\pc\Desktop\CRUD API\backend\node_modules\sequelize\lib\dialects\abstract\query-interface.js:407:12)
    at async User.findAll (C:\Users\pc\Desktop\CRUD API\backend\node_modules\sequelize\lib\model.js:1140:21)
    at async User.findOne (C:\Users\pc\Desktop\CRUD API\backend\node_modules\sequelize\lib\model.js:1240:12)
    at async Object.registerUser (C:\Users\pc\Desktop\CRUD API\backend\src\services\authService.js:19:24)
[2026-02-25 22:37:56] ERROR: Error
    at Database.<anonymous> (C:\Users\pc\Desktop\CRUD API\backend\node_modules\sequelize\lib\dialects\sqlite\query.js:185:27)
    at C:\Users\pc\Desktop\CRUD API\backend\node_modules\sequelize\lib\dialects\sqlite\query.js:183:50
    at new Promise (<anonymous>)
    at Query.run (C:\Users\pc\Desktop\CRUD API\backend\node_modules\sequelize\lib\dialects\sqlite\query.js:183:12)
    at C:\Users\pc\Desktop\CRUD API\backend\node_modules\sequelize\lib\sequelize.js:315:28
    at process.processTicksAndRejections (node:internal/process/task_queues:103:5)
    at async SQLiteQueryInterface.select (C:\Users\pc\Desktop\CRUD API\backend\node_modules\sequelize\lib\dialects\abstract\query-interface.js:407:12)
    at async User.findAll (C:\Users\pc\Desktop\CRUD API\backend\node_modules\sequelize\lib\model.js:1140:21)
    at async User.findOne (C:\Users\pc\Desktop\CRUD API\backend\node_modules\sequelize\lib\model.js:1240:12)
    at async Object.registerUser (C:\Users\pc\Desktop\CRUD API\backend\src\services\authService.js:19:24)
[2026-02-25 22:38:19] ERROR: Error
    at Database.<anonymous> (C:\Users\pc\Desktop\CRUD API\backend\node_modules\sequelize\lib\dialects\sqlite\query.js:185:27)
    at C:\Users\pc\Desktop\CRUD API\backend\node_modules\sequelize\lib\dialects\sqlite\query.js:183:50
    at new Promise (<anonymous>)
    at Query.run (C:\Users\pc\Desktop\CRUD API\backend\node_modules\sequelize\lib\dialects\sqlite\query.js:183:12)
    at C:\Users\pc\Desktop\CRUD API\backend\node_modules\sequelize\lib\sequelize.js:315:28
    at process.processTicksAndRejections (node:internal/process/task_queues:103:5)
    at async SQLiteQueryInterface.select (C:\Users\pc\Desktop\CRUD API\backend\node_modules\sequelize\lib\dialects\abstract\query-interface.js:407:12)
    at async User.findAll (C:\Users\pc\Desktop\CRUD API\backend\node_modules\sequelize\lib\model.js:1140:21)
    at async User.findOne (C:\Users\pc\Desktop\CRUD API\backend\node_modules\sequelize\lib\model.js:1240:12)
    at async Object.registerUser (C:\Users\pc\Desktop\CRUD API\backend\src\services\authService.js:19:24)
[2026-02-25 22:54:41] ERROR: Error: Email already verified
    at Object.verifyUserEmail (C:\Users\pc\Desktop\CRUD API\backend\src\services\authService.js:73:21)
    at async verifyEmail (C:\Users\pc\Desktop\CRUD API\backend\src\controllers\authController.js:30:5)
[2026-02-25 23:00:54] ERROR: Error: User already exists
    at Object.registerUser (C:\Users\pc\Desktop\CRUD API\backend\src\services\authService.js:21:19)
    at async register (C:\Users\pc\Desktop\CRUD API\backend\src\controllers\authController.js:8:18)
[2026-02-25 23:04:25] ERROR: Error: User already exists
    at Object.registerUser (C:\Users\pc\Desktop\CRUD API\backend\src\services\authService.js:21:19)
    at async register (C:\Users\pc\Desktop\CRUD API\backend\src\controllers\authController.js:8:18)
[2026-02-25 23:09:28] ERROR: Error: Please verify your email first
    at Object.loginUser (C:\Users\pc\Desktop\CRUD API\backend\src\services\authService.js:121:19)
    at async login (C:\Users\pc\Desktop\CRUD API\backend\src\controllers\authController.js:45:18)
[2026-02-25 23:18:45] ERROR: Error
    at Database.<anonymous> (C:\Users\pc\Desktop\CRUD API\backend\node_modules\sequelize\lib\dialects\sqlite\query.js:185:27)
    at C:\Users\pc\Desktop\CRUD API\backend\node_modules\sequelize\lib\dialects\sqlite\query.js:183:50
    at new Promise (<anonymous>)
    at Query.run (C:\Users\pc\Desktop\CRUD API\backend\node_modules\sequelize\lib\dialects\sqlite\query.js:183:12)
    at C:\Users\pc\Desktop\CRUD API\backend\node_modules\sequelize\lib\sequelize.js:315:28
    at async SQLiteQueryInterface.insert (C:\Users\pc\Desktop\CRUD API\backend\node_modules\sequelize\lib\dialects\abstract\query-interface.js:308:21)
    at async model.save (C:\Users\pc\Desktop\CRUD API\backend\node_modules\sequelize\lib\model.js:2490:35)
    at async User.create (C:\Users\pc\Desktop\CRUD API\backend\node_modules\sequelize\lib\model.js:1362:12)
    at async Object.registerUser (C:\Users\pc\Desktop\CRUD API\backend\src\services\authService.js:28:16)
    at async register (C:\Users\pc\Desktop\CRUD API\backend\src\controllers\authController.js:8:18)
[2026-02-25 23:25:26] ERROR: Error
    at Database.<anonymous> (C:\Users\pc\Desktop\CRUD API\backend\node_modules\sequelize\lib\dialects\sqlite\query.js:185:27)
    at C:\Users\pc\Desktop\CRUD API\backend\node_modules\sequelize\lib\dialects\sqlite\query.js:183:50
    at new Promise (<anonymous>)
    at Query.run (C:\Users\pc\Desktop\CRUD API\backend\node_modules\sequelize\lib\dialects\sqlite\query.js:183:12)
    at C:\Users\pc\Desktop\CRUD API\backend\node_modules\sequelize\lib\sequelize.js:315:28
    at async SQLiteQueryInterface.insert (C:\Users\pc\Desktop\CRUD API\backend\node_modules\sequelize\lib\dialects\abstract\query-interface.js:308:21)
    at async model.save (C:\Users\pc\Desktop\CRUD API\backend\node_modules\sequelize\lib\model.js:2490:35)
    at async User.create (C:\Users\pc\Desktop\CRUD API\backend\node_modules\sequelize\lib\model.js:1362:12)
    at async Object.registerUser (C:\Users\pc\Desktop\CRUD API\backend\src\services\authService.js:28:16)
    at async register (C:\Users\pc\Desktop\CRUD API\backend\src\controllers\authController.js:8:18)
[2026-02-25 23:26:35] ERROR: Error
    at Database.<anonymous> (C:\Users\pc\Desktop\CRUD API\backend\node_modules\sequelize\lib\dialects\sqlite\query.js:185:27)
    at C:\Users\pc\Desktop\CRUD API\backend\node_modules\sequelize\lib\dialects\sqlite\query.js:183:50
    at new Promise (<anonymous>)
    at Query.run (C:\Users\pc\Desktop\CRUD API\backend\node_modules\sequelize\lib\dialects\sqlite\query.js:183:12)
    at C:\Users\pc\Desktop\CRUD API\backend\node_modules\sequelize\lib\sequelize.js:315:28
    at async SQLiteQueryInterface.insert (C:\Users\pc\Desktop\CRUD API\backend\node_modules\sequelize\lib\dialects\abstract\query-interface.js:308:21)
    at async model.save (C:\Users\pc\Desktop\CRUD API\backend\node_modules\sequelize\lib\model.js:2490:35)
    at async User.create (C:\Users\pc\Desktop\CRUD API\backend\node_modules\sequelize\lib\model.js:1362:12)
    at async Object.registerUser (C:\Users\pc\Desktop\CRUD API\backend\src\services\authService.js:28:16)
    at async register (C:\Users\pc\Desktop\CRUD API\backend\src\controllers\authController.js:8:18)
[2026-02-25 23:28:26] ERROR: Error
    at Database.<anonymous> (C:\Users\pc\Desktop\CRUD API\backend\node_modules\sequelize\lib\dialects\sqlite\query.js:185:27)
    at C:\Users\pc\Desktop\CRUD API\backend\node_modules\sequelize\lib\dialects\sqlite\query.js:183:50
    at new Promise (<anonymous>)
    at Query.run (C:\Users\pc\Desktop\CRUD API\backend\node_modules\sequelize\lib\dialects\sqlite\query.js:183:12)
    at C:\Users\pc\Desktop\CRUD API\backend\node_modules\sequelize\lib\sequelize.js:315:28
    at async SQLiteQueryInterface.insert (C:\Users\pc\Desktop\CRUD API\backend\node_modules\sequelize\lib\dialects\abstract\query-interface.js:308:21)
    at async model.save (C:\Users\pc\Desktop\CRUD API\backend\node_modules\sequelize\lib\model.js:2490:35)
    at async User.create (C:\Users\pc\Desktop\CRUD API\backend\node_modules\sequelize\lib\model.js:1362:12)
    at async Object.registerUser (C:\Users\pc\Desktop\CRUD API\backend\src\services\authService.js:28:16)
    at async register (C:\Users\pc\Desktop\CRUD API\backend\src\controllers\authController.js:8:18)
[2026-02-25 23:30:31] ERROR: Error
    at Database.<anonymous> (C:\Users\pc\Desktop\CRUD API\backend\node_modules\sequelize\lib\dialects\sqlite\query.js:185:27)
    at C:\Users\pc\Desktop\CRUD API\backend\node_modules\sequelize\lib\dialects\sqlite\query.js:183:50
    at new Promise (<anonymous>)
    at Query.run (C:\Users\pc\Desktop\CRUD API\backend\node_modules\sequelize\lib\dialects\sqlite\query.js:183:12)
    at C:\Users\pc\Desktop\CRUD API\backend\node_modules\sequelize\lib\sequelize.js:315:28
    at async SQLiteQueryInterface.insert (C:\Users\pc\Desktop\CRUD API\backend\node_modules\sequelize\lib\dialects\abstract\query-interface.js:308:21)
    at async model.save (C:\Users\pc\Desktop\CRUD API\backend\node_modules\sequelize\lib\model.js:2490:35)
    at async User.create (C:\Users\pc\Desktop\CRUD API\backend\node_modules\sequelize\lib\model.js:1362:12)
    at async Object.registerUser (C:\Users\pc\Desktop\CRUD API\backend\src\services\authService.js:28:16)
    at async register (C:\Users\pc\Desktop\CRUD API\backend\src\controllers\authController.js:8:18)
[2026-02-25 23:31:52] ERROR: Error
    at Database.<anonymous> (C:\Users\pc\Desktop\CRUD API\backend\node_modules\sequelize\lib\dialects\sqlite\query.js:185:27)
    at C:\Users\pc\Desktop\CRUD API\backend\node_modules\sequelize\lib\dialects\sqlite\query.js:183:50
    at new Promise (<anonymous>)
    at Query.run (C:\Users\pc\Desktop\CRUD API\backend\node_modules\sequelize\lib\dialects\sqlite\query.js:183:12)
    at C:\Users\pc\Desktop\CRUD API\backend\node_modules\sequelize\lib\sequelize.js:315:28
    at async SQLiteQueryInterface.insert (C:\Users\pc\Desktop\CRUD API\backend\node_modules\sequelize\lib\dialects\abstract\query-interface.js:308:21)
    at async model.save (C:\Users\pc\Desktop\CRUD API\backend\node_modules\sequelize\lib\model.js:2490:35)
    at async User.create (C:\Users\pc\Desktop\CRUD API\backend\node_modules\sequelize\lib\model.js:1362:12)
    at async Object.registerUser (C:\Users\pc\Desktop\CRUD API\backend\src\services\authService.js:28:16)
    at async register (C:\Users\pc\Desktop\CRUD API\backend\src\controllers\authController.js:8:18)
[2026-02-25 23:34:33] ERROR: Error
    at Database.<anonymous> (C:\Users\pc\Desktop\CRUD API\backend\node_modules\sequelize\lib\dialects\sqlite\query.js:185:27)
    at C:\Users\pc\Desktop\CRUD API\backend\node_modules\sequelize\lib\dialects\sqlite\query.js:183:50
    at new Promise (<anonymous>)
    at Query.run (C:\Users\pc\Desktop\CRUD API\backend\node_modules\sequelize\lib\dialects\sqlite\query.js:183:12)
    at C:\Users\pc\Desktop\CRUD API\backend\node_modules\sequelize\lib\sequelize.js:315:28
    at async SQLiteQueryInterface.insert (C:\Users\pc\Desktop\CRUD API\backend\node_modules\sequelize\lib\dialects\abstract\query-interface.js:308:21)
    at async model.save (C:\Users\pc\Desktop\CRUD API\backend\node_modules\sequelize\lib\model.js:2490:35)
    at async User.create (C:\Users\pc\Desktop\CRUD API\backend\node_modules\sequelize\lib\model.js:1362:12)
    at async Object.registerUser (C:\Users\pc\Desktop\CRUD API\backend\src\services\authService.js:28:16)
    at async register (C:\Users\pc\Desktop\CRUD API\backend\src\controllers\authController.js:8:18)
[2026-02-25 23:41:50] ERROR: Error
    at Database.<anonymous> (C:\Users\pc\Desktop\CRUD API\backend\node_modules\sequelize\lib\dialects\sqlite\query.js:185:27)
    at C:\Users\pc\Desktop\CRUD API\backend\node_modules\sequelize\lib\dialects\sqlite\query.js:183:50
    at new Promise (<anonymous>)
    at Query.run (C:\Users\pc\Desktop\CRUD API\backend\node_modules\sequelize\lib\dialects\sqlite\query.js:183:12)
    at C:\Users\pc\Desktop\CRUD API\backend\node_modules\sequelize\lib\sequelize.js:315:28
    at async SQLiteQueryInterface.insert (C:\Users\pc\Desktop\CRUD API\backend\node_modules\sequelize\lib\dialects\abstract\query-interface.js:308:21)
    at async model.save (C:\Users\pc\Desktop\CRUD API\backend\node_modules\sequelize\lib\model.js:2490:35)
    at async User.create (C:\Users\pc\Desktop\CRUD API\backend\node_modules\sequelize\lib\model.js:1362:12)
    at async Object.registerUser (C:\Users\pc\Desktop\CRUD API\backend\src\services\authService.js:28:16)
    at async register (C:\Users\pc\Desktop\CRUD API\backend\src\controllers\authController.js:8:18)
[2026-02-25 23:42:21] ERROR: Error
    at Database.<anonymous> (C:\Users\pc\Desktop\CRUD API\backend\node_modules\sequelize\lib\dialects\sqlite\query.js:185:27)
    at C:\Users\pc\Desktop\CRUD API\backend\node_modules\sequelize\lib\dialects\sqlite\query.js:183:50
    at new Promise (<anonymous>)
    at Query.run (C:\Users\pc\Desktop\CRUD API\backend\node_modules\sequelize\lib\dialects\sqlite\query.js:183:12)
    at C:\Users\pc\Desktop\CRUD API\backend\node_modules\sequelize\lib\sequelize.js:315:28
    at async SQLiteQueryInterface.insert (C:\Users\pc\Desktop\CRUD API\backend\node_modules\sequelize\lib\dialects\abstract\query-interface.js:308:21)
    at async model.save (C:\Users\pc\Desktop\CRUD API\backend\node_modules\sequelize\lib\model.js:2490:35)
    at async User.create (C:\Users\pc\Desktop\CRUD API\backend\node_modules\sequelize\lib\model.js:1362:12)
    at async Object.registerUser (C:\Users\pc\Desktop\CRUD API\backend\src\services\authService.js:28:16)
    at async register (C:\Users\pc\Desktop\CRUD API\backend\src\controllers\authController.js:8:18)
[2026-02-25 23:43:03] ERROR: Error
    at Database.<anonymous> (C:\Users\pc\Desktop\CRUD API\backend\node_modules\sequelize\lib\dialects\sqlite\query.js:185:27)
    at C:\Users\pc\Desktop\CRUD API\backend\node_modules\sequelize\lib\dialects\sqlite\query.js:183:50
    at new Promise (<anonymous>)
    at Query.run (C:\Users\pc\Desktop\CRUD API\backend\node_modules\sequelize\lib\dialects\sqlite\query.js:183:12)
    at C:\Users\pc\Desktop\CRUD API\backend\node_modules\sequelize\lib\sequelize.js:315:28
    at async SQLiteQueryInterface.insert (C:\Users\pc\Desktop\CRUD API\backend\node_modules\sequelize\lib\dialects\abstract\query-interface.js:308:21)
    at async model.save (C:\Users\pc\Desktop\CRUD API\backend\node_modules\sequelize\lib\model.js:2490:35)
    at async User.create (C:\Users\pc\Desktop\CRUD API\backend\node_modules\sequelize\lib\model.js:1362:12)
    at async Object.registerUser (C:\Users\pc\Desktop\CRUD API\backend\src\services\authService.js:28:16)
    at async register (C:\Users\pc\Desktop\CRUD API\backend\src\controllers\authController.js:8:18)
[2026-02-25 23:43:39] ERROR: Error
    at Database.<anonymous> (C:\Users\pc\Desktop\CRUD API\backend\node_modules\sequelize\lib\dialects\sqlite\query.js:185:27)
    at C:\Users\pc\Desktop\CRUD API\backend\node_modules\sequelize\lib\dialects\sqlite\query.js:183:50
    at new Promise (<anonymous>)
    at Query.run (C:\Users\pc\Desktop\CRUD API\backend\node_modules\sequelize\lib\dialects\sqlite\query.js:183:12)
    at C:\Users\pc\Desktop\CRUD API\backend\node_modules\sequelize\lib\sequelize.js:315:28
    at async SQLiteQueryInterface.insert (C:\Users\pc\Desktop\CRUD API\backend\node_modules\sequelize\lib\dialects\abstract\query-interface.js:308:21)
    at async model.save (C:\Users\pc\Desktop\CRUD API\backend\node_modules\sequelize\lib\model.js:2490:35)
    at async User.create (C:\Users\pc\Desktop\CRUD API\backend\node_modules\sequelize\lib\model.js:1362:12)
    at async Object.registerUser (C:\Users\pc\Desktop\CRUD API\backend\src\services\authService.js:28:16)
    at async register (C:\Users\pc\Desktop\CRUD API\backend\src\controllers\authController.js:8:18)
[2026-02-25 23:52:30] ERROR: Error: User already exists
    at Object.registerUser (C:\Users\pc\Desktop\CRUD API\backend\src\services\authService.js:21:19)
    at async register (C:\Users\pc\Desktop\CRUD API\backend\src\controllers\authController.js:8:18)
[2026-02-25 23:52:56] ERROR: Error: Verification link expired
    at Object.verifyUserEmail (C:\Users\pc\Desktop\CRUD API\backend\src\services\authService.js:85:21)
    at verifyEmail (C:\Users\pc\Desktop\CRUD API\backend\src\controllers\authController.js:31:23)
    at Layer.handleRequest (C:\Users\pc\Desktop\CRUD API\backend\node_modules\router\lib\layer.js:152:17)
    at next (C:\Users\pc\Desktop\CRUD API\backend\node_modules\router\lib\route.js:157:13)
    at Route.dispatch (C:\Users\pc\Desktop\CRUD API\backend\node_modules\router\lib\route.js:117:3)
    at handle (C:\Users\pc\Desktop\CRUD API\backend\node_modules\router\index.js:435:11)
    at Layer.handleRequest (C:\Users\pc\Desktop\CRUD API\backend\node_modules\router\lib\layer.js:152:17)
    at C:\Users\pc\Desktop\CRUD API\backend\node_modules\router\index.js:295:15
    at param (C:\Users\pc\Desktop\CRUD API\backend\node_modules\router\index.js:600:14)
    at param (C:\Users\pc\Desktop\CRUD API\backend\node_modules\router\index.js:610:14)
[2026-02-25 23:52:56] ERROR: Error: Verification link expired
    at Object.verifyUserEmail (C:\Users\pc\Desktop\CRUD API\backend\src\services\authService.js:85:21)
    at verifyEmail (C:\Users\pc\Desktop\CRUD API\backend\src\controllers\authController.js:31:23)
    at Layer.handleRequest (C:\Users\pc\Desktop\CRUD API\backend\node_modules\router\lib\layer.js:152:17)
    at next (C:\Users\pc\Desktop\CRUD API\backend\node_modules\router\lib\route.js:157:13)
    at Route.dispatch (C:\Users\pc\Desktop\CRUD API\backend\node_modules\router\lib\route.js:117:3)
    at handle (C:\Users\pc\Desktop\CRUD API\backend\node_modules\router\index.js:435:11)
    at Layer.handleRequest (C:\Users\pc\Desktop\CRUD API\backend\node_modules\router\lib\layer.js:152:17)
    at C:\Users\pc\Desktop\CRUD API\backend\node_modules\router\index.js:295:15
    at param (C:\Users\pc\Desktop\CRUD API\backend\node_modules\router\index.js:600:14)
    at param (C:\Users\pc\Desktop\CRUD API\backend\node_modules\router\index.js:610:14)
[2026-02-26 00:05:54] ERROR: Error: Email already verified
    at Object.verifyUserEmail (C:\Users\pc\Desktop\CRUD API\backend\src\services\authService.js:73:21)
    at async verifyEmail (C:\Users\pc\Desktop\CRUD API\backend\src\controllers\authController.js:31:5)
[2026-02-26 19:50:08] ERROR: Error: Email already verified
    at Object.verifyUserEmail (C:\Users\pc\Desktop\CRUD API\backend\src\services\authService.js:73:23)
    at async verifyEmail (C:\Users\pc\Desktop\CRUD API\backend\src\controllers\authController.js:31:5)
[2026-02-26 19:53:31] ERROR: Error: Email already verified
    at Object.verifyUserEmail (C:\Users\pc\Desktop\CRUD API\backend\src\services\authService.js:73:23)
    at async verifyEmail (C:\Users\pc\Desktop\CRUD API\backend\src\controllers\authController.js:31:5)
[2026-02-26 19:53:31] ERROR: Error: Email already verified
    at Object.verifyUserEmail (C:\Users\pc\Desktop\CRUD API\backend\src\services\authService.js:73:23)
    at async verifyEmail (C:\Users\pc\Desktop\CRUD API\backend\src\controllers\authController.js:31:5)
[2026-02-26 20:16:17] ERROR: Error: Email already verified
    at Object.verifyUserEmail (C:\Users\pc\Desktop\CRUD API\backend\src\services\authService.js:73:23)
    at async verifyEmail (C:\Users\pc\Desktop\CRUD API\backend\src\controllers\authController.js:31:5)
[2026-02-26 20:16:17] ERROR: Error: Email already verified
    at Object.verifyUserEmail (C:\Users\pc\Desktop\CRUD API\backend\src\services\authService.js:73:23)
    at async verifyEmail (C:\Users\pc\Desktop\CRUD API\backend\src\controllers\authController.js:31:5)
[2026-02-26 21:06:50] ERROR: Error
    at Database.<anonymous> (C:\Users\pc\Desktop\CRUD API\backend\node_modules\sequelize\lib\dialects\sqlite\query.js:185:27)
    at C:\Users\pc\Desktop\CRUD API\backend\node_modules\sequelize\lib\dialects\sqlite\query.js:183:50
    at new Promise (<anonymous>)
    at Query.run (C:\Users\pc\Desktop\CRUD API\backend\node_modules\sequelize\lib\dialects\sqlite\query.js:183:12)
    at C:\Users\pc\Desktop\CRUD API\backend\node_modules\sequelize\lib\sequelize.js:315:28
    at async SQLiteQueryInterface.insert (C:\Users\pc\Desktop\CRUD API\backend\node_modules\sequelize\lib\dialects\abstract\query-interface.js:308:21)
    at async model.save (C:\Users\pc\Desktop\CRUD API\backend\node_modules\sequelize\lib\model.js:2490:35)
    at async User.create (C:\Users\pc\Desktop\CRUD API\backend\node_modules\sequelize\lib\model.js:1362:12)
    at async Object.registerUser (C:\Users\pc\Desktop\CRUD API\backend\src\services\authService.js:36:18)
    at async register (C:\Users\pc\Desktop\CRUD API\backend\src\controllers\authController.js:8:18)
[2026-02-26 21:27:40] ERROR: Error
    at Database.<anonymous> (C:\Users\pc\Desktop\CRUD API\backend\node_modules\sequelize\lib\dialects\sqlite\query.js:185:27)
    at C:\Users\pc\Desktop\CRUD API\backend\node_modules\sequelize\lib\dialects\sqlite\query.js:183:50
    at new Promise (<anonymous>)
    at Query.run (C:\Users\pc\Desktop\CRUD API\backend\node_modules\sequelize\lib\dialects\sqlite\query.js:183:12)
    at C:\Users\pc\Desktop\CRUD API\backend\node_modules\sequelize\lib\sequelize.js:315:28
    at async SQLiteQueryInterface.insert (C:\Users\pc\Desktop\CRUD API\backend\node_modules\sequelize\lib\dialects\abstract\query-interface.js:308:21)
    at async model.save (C:\Users\pc\Desktop\CRUD API\backend\node_modules\sequelize\lib\model.js:2490:35)
    at async User.create (C:\Users\pc\Desktop\CRUD API\backend\node_modules\sequelize\lib\model.js:1362:12)
    at async Object.registerUser (C:\Users\pc\Desktop\CRUD API\backend\src\services\authService.js:36:18)
    at async register (C:\Users\pc\Desktop\CRUD API\backend\src\controllers\authController.js:8:18)
[2026-02-26 22:40:44] ERROR: Error: User already exists
    at Object.registerUser (C:\Users\pc\Desktop\CRUD API\backend\src\services\authService.js:27:21)
    at async register (C:\Users\pc\Desktop\CRUD API\backend\src\controllers\authController.js:8:18)
[2026-02-26 22:41:40] ERROR: Error: User already exists
    at Object.registerUser (C:\Users\pc\Desktop\CRUD API\backend\src\services\authService.js:27:21)
    at async register (C:\Users\pc\Desktop\CRUD API\backend\src\controllers\authController.js:8:18)
[2026-02-26 22:55:05] ERROR: Error: User already exists
    at Object.registerUser (C:\Users\pc\Desktop\CRUD API\backend\src\services\authService.js:27:21)
    at async register (C:\Users\pc\Desktop\CRUD API\backend\src\controllers\authController.js:8:18)
[2026-02-26 23:42:04] ERROR: Error
    at Database.<anonymous> (C:\Users\pc\Desktop\CRUD API\backend\node_modules\sequelize\lib\dialects\sqlite\query.js:185:27)
    at C:\Users\pc\Desktop\CRUD API\backend\node_modules\sequelize\lib\dialects\sqlite\query.js:183:50
    at new Promise (<anonymous>)
    at Query.run (C:\Users\pc\Desktop\CRUD API\backend\node_modules\sequelize\lib\dialects\sqlite\query.js:183:12)
    at C:\Users\pc\Desktop\CRUD API\backend\node_modules\sequelize\lib\sequelize.js:315:28
    at async SQLiteQueryInterface.insert (C:\Users\pc\Desktop\CRUD API\backend\node_modules\sequelize\lib\dialects\abstract\query-interface.js:308:21)
    at async model.save (C:\Users\pc\Desktop\CRUD API\backend\node_modules\sequelize\lib\model.js:2490:35)
    at async User.create (C:\Users\pc\Desktop\CRUD API\backend\node_modules\sequelize\lib\model.js:1362:12)
    at async Object.registerUser (C:\Users\pc\Desktop\CRUD API\backend\src\services\authService.js:37:18)
    at async register (C:\Users\pc\Desktop\CRUD API\backend\src\controllers\authController.js:8:18)
[2026-02-26 23:47:51] ERROR: Error
    at Database.<anonymous> (C:\Users\pc\Desktop\CRUD API\backend\node_modules\sequelize\lib\dialects\sqlite\query.js:185:27)
    at C:\Users\pc\Desktop\CRUD API\backend\node_modules\sequelize\lib\dialects\sqlite\query.js:183:50
    at new Promise (<anonymous>)
    at Query.run (C:\Users\pc\Desktop\CRUD API\backend\node_modules\sequelize\lib\dialects\sqlite\query.js:183:12)
    at C:\Users\pc\Desktop\CRUD API\backend\node_modules\sequelize\lib\sequelize.js:315:28
    at async SQLiteQueryInterface.insert (C:\Users\pc\Desktop\CRUD API\backend\node_modules\sequelize\lib\dialects\abstract\query-interface.js:308:21)
    at async model.save (C:\Users\pc\Desktop\CRUD API\backend\node_modules\sequelize\lib\model.js:2490:35)
    at async User.create (C:\Users\pc\Desktop\CRUD API\backend\node_modules\sequelize\lib\model.js:1362:12)
    at async Object.registerUser (C:\Users\pc\Desktop\CRUD API\backend\src\services\authService.js:37:18)
    at async register (C:\Users\pc\Desktop\CRUD API\backend\src\controllers\authController.js:8:18)
[2026-02-26 23:56:52] ERROR: Error
    at Database.<anonymous> (C:\Users\pc\Desktop\CRUD API\backend\node_modules\sequelize\lib\dialects\sqlite\query.js:185:27)
    at C:\Users\pc\Desktop\CRUD API\backend\node_modules\sequelize\lib\dialects\sqlite\query.js:183:50
    at new Promise (<anonymous>)
    at Query.run (C:\Users\pc\Desktop\CRUD API\backend\node_modules\sequelize\lib\dialects\sqlite\query.js:183:12)
    at C:\Users\pc\Desktop\CRUD API\backend\node_modules\sequelize\lib\sequelize.js:315:28
    at async SQLiteQueryInterface.insert (C:\Users\pc\Desktop\CRUD API\backend\node_modules\sequelize\lib\dialects\abstract\query-interface.js:308:21)
    at async model.save (C:\Users\pc\Desktop\CRUD API\backend\node_modules\sequelize\lib\model.js:2490:35)
    at async User.create (C:\Users\pc\Desktop\CRUD API\backend\node_modules\sequelize\lib\model.js:1362:12)
    at async Object.registerUser (C:\Users\pc\Desktop\CRUD API\backend\src\services\authService.js:37:18)
    at async register (C:\Users\pc\Desktop\CRUD API\backend\src\controllers\authController.js:8:18)
[2026-02-27 00:00:11] ERROR: Error: User already exists
    at Object.registerUser (C:\Users\pc\Desktop\CRUD API\backend\src\services\authService.js:28:21)
    at async register (C:\Users\pc\Desktop\CRUD API\backend\src\controllers\authController.js:8:18)
